0 info it worked if it ends with ok
1 verbose cli [ '/Users/tysoncadenhead/.nvm/versions/node/v7.0.0/bin/node',
1 verbose cli   '/Users/tysoncadenhead/.nvm/versions/node/v7.0.0/bin/npm',
1 verbose cli   'version',
1 verbose cli   'patch' ]
2 info using npm@3.10.8
3 info using node@v7.0.0
4 info git [ 'status', '--porcelain' ]
5 info lifecycle @aloompa/react-universal-router@1.1.3~preversion: @aloompa/react-universal-router@1.1.3
6 silly lifecycle @aloompa/react-universal-router@1.1.3~preversion: no script for preversion, continuing
7 verbose version.write data { name: '@aloompa/react-universal-router',
7 verbose version.write   version: '1.1.3',
7 verbose version.write   description: '',
7 verbose version.write   main: 'index.js',
7 verbose version.write   scripts:
7 verbose version.write    { test: 'NODE_ENV=dev node node_modules/jest/bin/jest.js',
7 verbose version.write      compile: 'node_modules/.bin/tsc',
7 verbose version.write      watch: 'node_modules/.bin/tsc --watch',
7 verbose version.write      release: 'node_modules/.bin/publish' },
7 verbose version.write   repository:
7 verbose version.write    { type: 'git',
7 verbose version.write      url: 'git+https://github.com/Aloompa/react-universal-router.git' },
7 verbose version.write   author: 'Aloompa',
7 verbose version.write   license: 'MIT',
7 verbose version.write   bugs: { url: 'https://github.com/Aloompa/react-universal-router/issues' },
7 verbose version.write   homepage: 'https://github.com/Aloompa/react-universal-router#readme',
7 verbose version.write   devDependencies:
7 verbose version.write    { '@types/jest': '^22',
7 verbose version.write      jest: '^22',
7 verbose version.write      publish: '^0.6.0',
7 verbose version.write      ramda: '^0.25.0',
7 verbose version.write      react: '^16.4.1',
7 verbose version.write      'react-functional-lifecycle': '^3.0.0',
7 verbose version.write      'react-native': '^0.56.0',
7 verbose version.write      'react-native-web': '^0.8.8',
7 verbose version.write      'react-redux': '^5.0.7',
7 verbose version.write      recompose: '^0.27.1',
7 verbose version.write      redux: '^4.0.0',
7 verbose version.write      'redux-actions': '^2.4.0',
7 verbose version.write      'styled-components': '^3.3.3',
7 verbose version.write      typescript: '^2.9.2' },
7 verbose version.write   peerDependencies:
7 verbose version.write    { ramda: '*',
7 verbose version.write      react: '*',
7 verbose version.write      'react-functional-lifecycle': '*',
7 verbose version.write      'react-native': '*',
7 verbose version.write      'react-redux': '*',
7 verbose version.write      recompose: '*',
7 verbose version.write      redux: '*',
7 verbose version.write      'redux-actions': '*' } } to package.json
8 info lifecycle @aloompa/react-universal-router@1.1.3~version: @aloompa/react-universal-router@1.1.3
9 silly lifecycle @aloompa/react-universal-router@1.1.3~version: no script for version, continuing
10 info git [ 'add',
10 info git   '/Users/tysoncadenhead/Sites/aloompa-web/react-universal-router/package.json' ]
11 info git [ 'commit', '-m', '1.1.3' ]
12 info git [ 'tag', 'v1.1.3', '-am', '1.1.3' ]
13 verbose stack Error: Command failed: git tag v1.1.3 -am 1.1.3
13 verbose stack fatal: tag 'v1.1.3' already exists
13 verbose stack
13 verbose stack     at ChildProcess.exithandler (child_process.js:211:12)
13 verbose stack     at emitTwo (events.js:106:13)
13 verbose stack     at ChildProcess.emit (events.js:191:7)
13 verbose stack     at maybeClose (internal/child_process.js:877:16)
13 verbose stack     at Process.ChildProcess._handle.onexit (internal/child_process.js:226:5)
14 verbose cwd /Users/tysoncadenhead/Sites/aloompa-web/react-universal-router
15 error Darwin 17.7.0
16 error argv "/Users/tysoncadenhead/.nvm/versions/node/v7.0.0/bin/node" "/Users/tysoncadenhead/.nvm/versions/node/v7.0.0/bin/npm" "version" "patch"
17 error node v7.0.0
18 error npm  v3.10.8
19 error code 128
20 error Command failed: git tag v1.1.3 -am 1.1.3
20 error fatal: tag 'v1.1.3' already exists
21 error If you need help, you may report this error at:
21 error     <https://github.com/npm/npm/issues>
22 verbose exit [ 1, true ]
